<?xml version="1.0" encoding="UTF-8"?>
<testng-results skipped="0" failed="0" total="1" passed="1">
  <reporter-output>
  </reporter-output>
  <suite name="Default suite" duration-ms="2277" started-at="2017-04-05T15:24:46Z" finished-at="2017-04-05T15:24:48Z">
    <groups>
    </groups>
    <test name="Default test" duration-ms="2277" started-at="2017-04-05T15:24:46Z" finished-at="2017-04-05T15:24:48Z">
      <class name="com.test.pckg.JenkinTrigger">
        <test-method status="PASS" signature="trigger()[pri:0, instance:com.test.pckg.JenkinTrigger@457e2f02]" name="trigger" duration-ms="1036" started-at="2017-04-05T11:24:47Z" finished-at="2017-04-05T11:24:48Z">
          <reporter-output>
          </reporter-output>
        </test-method> <!-- trigger -->
      </class> <!-- com.test.pckg.JenkinTrigger -->
    </test> <!-- Default test -->
  </suite> <!-- Default suite -->
</testng-results>
